<?xml version="1.0" encoding="UTF-8" ?>
<testsuites>
<testsuite name="angularjs homepage" errors="0" tests="1" failures="0" time="17.31" timestamp="2014-05-22T17:52:03">
  <testcase classname="angularjs homepage" name="should greet the named user" time="7.842"></testcase>
</testsuite>
<testsuite name="angularjs homepage.todo list" errors="0" tests="2" failures="0" time="9.467" timestamp="2014-05-22T17:52:11">
  <testcase classname="angularjs homepage.todo list" name="should list todos" time="4.323"></testcase>
  <testcase classname="angularjs homepage.todo list" name="should add a todo" time="5.142"></testcase>
</testsuite>
</testsuites>