{
"./client/src/app/config/config-env.js":{"path":"./client/src/app/config/config-env.js","s":{"1":1,"2":1},"b":{},"f":{"1":1},"fnMap":{"1":{"name":"(anonymous_1)","line":1,"loc":{"start":{"line":1,"column":1},"end":{"line":1,"column":13}}}},"statementMap":{"1":{"start":{"line":1,"column":0},"end":{"line":16,"column":5}},"2":{"start":{"line":4,"column":0},"end":{"line":14,"column":1}}},"branchMap":{},"l":{"1":1,"4":1}},
"./client/src/app/dd.js":{"path":"./client/src/app/dd.js","s":{"1":1,"2":0,"3":0,"4":1,"5":0,"6":0,"7":0,"8":0,"9":0,"10":0,"11":0,"12":0,"13":0,"14":0,"15":0,"16":0,"17":0,"18":0,"19":0,"20":0,"21":0,"22":0,"23":0,"24":0,"25":0,"26":0,"27":0,"28":0,"29":0,"30":0,"31":0,"32":0,"33":0,"34":0,"35":0,"36":0,"37":0,"38":0},"b":{"1":[0,0]},"f":{"1":0,"2":0,"3":0,"4":0,"5":0,"6":0,"7":0,"8":0,"9":0},"fnMap":{"1":{"name":"onGoogleReady","line":4,"loc":{"start":{"line":4,"column":0},"end":{"line":4,"column":25}}},"2":{"name":"(anonymous_2)","line":11,"loc":{"start":{"line":11,"column":31},"end":{"line":11,"column":57}}},"3":{"name":"(anonymous_3)","line":20,"loc":{"start":{"line":20,"column":50},"end":{"line":20,"column":76}}},"4":{"name":"(anonymous_4)","line":32,"loc":{"start":{"line":32,"column":28},"end":{"line":32,"column":45}}},"5":{"name":"(anonymous_5)","line":48,"loc":{"start":{"line":48,"column":32},"end":{"line":48,"column":50}}},"6":{"name":"(anonymous_6)","line":57,"loc":{"start":{"line":57,"column":32},"end":{"line":57,"column":44}}},"7":{"name":"(anonymous_7)","line":65,"loc":{"start":{"line":65,"column":23},"end":{"line":65,"column":40}}},"8":{"name":"(anonymous_8)","line":72,"loc":{"start":{"line":72,"column":25},"end":{"line":72,"column":58}}},"9":{"name":"(anonymous_9)","line":83,"loc":{"start":{"line":83,"column":24},"end":{"line":83,"column":41}}}},"statementMap":{"1":{"start":{"line":4,"column":0},"end":{"line":7,"column":1}},"2":{"start":{"line":5,"column":4},"end":{"line":5,"column":50}},"3":{"start":{"line":6,"column":4},"end":{"line":6,"column":70}},"4":{"start":{"line":9,"column":0},"end":{"line":91,"column":0}},"5":{"start":{"line":12,"column":8},"end":{"line":17,"column":15}},"6":{"start":{"line":21,"column":8},"end":{"line":21,"column":32}},"7":{"start":{"line":24,"column":8},"end":{"line":24,"column":40}},"8":{"start":{"line":25,"column":8},"end":{"line":25,"column":40}},"9":{"start":{"line":27,"column":8},"end":{"line":27,"column":42}},"10":{"start":{"line":28,"column":8},"end":{"line":28,"column":27}},"11":{"start":{"line":29,"column":8},"end":{"line":29,"column":33}},"12":{"start":{"line":30,"column":8},"end":{"line":30,"column":31}},"13":{"start":{"line":32,"column":8},"end":{"line":39,"column":11}},"14":{"start":{"line":33,"column":12},"end":{"line":38,"column":13}},"15":{"start":{"line":35,"column":16},"end":{"line":35,"column":36}},"16":{"start":{"line":37,"column":16},"end":{"line":37,"column":32}},"17":{"start":{"line":42,"column":8},"end":{"line":46,"column":10}},"18":{"start":{"line":48,"column":8},"end":{"line":55,"column":10}},"19":{"start":{"line":49,"column":12},"end":{"line":49,"column":42}},"20":{"start":{"line":50,"column":12},"end":{"line":50,"column":65}},"21":{"start":{"line":51,"column":12},"end":{"line":51,"column":65}},"22":{"start":{"line":52,"column":12},"end":{"line":52,"column":44}},"23":{"start":{"line":53,"column":12},"end":{"line":53,"column":44}},"24":{"start":{"line":54,"column":12},"end":{"line":54,"column":62}},"25":{"start":{"line":57,"column":8},"end":{"line":65,"column":8}},"26":{"start":{"line":58,"column":12},"end":{"line":58,"column":37}},"27":{"start":{"line":59,"column":12},"end":{"line":59,"column":43}},"28":{"start":{"line":60,"column":12},"end":{"line":60,"column":35}},"29":{"start":{"line":65,"column":8},"end":{"line":72,"column":8}},"30":{"start":{"line":66,"column":12},"end":{"line":66,"column":126}},"31":{"start":{"line":67,"column":12},"end":{"line":67,"column":29}},"32":{"start":{"line":68,"column":12},"end":{"line":68,"column":33}},"33":{"start":{"line":72,"column":8},"end":{"line":81,"column":10}},"34":{"start":{"line":73,"column":12},"end":{"line":79,"column":15}},"35":{"start":{"line":80,"column":12},"end":{"line":80,"column":26}},"36":{"start":{"line":83,"column":8},"end":{"line":86,"column":10}},"37":{"start":{"line":84,"column":12},"end":{"line":84,"column":94}},"38":{"start":{"line":85,"column":12},"end":{"line":85,"column":45}}},"branchMap":{"1":{"line":33,"type":"if","locations":[{"start":{"line":33,"column":12},"end":{"line":33,"column":12}},{"start":{"line":33,"column":12},"end":{"line":33,"column":12}}]}},"l":{"4":1,"5":0,"6":0,"9":1,"12":0,"21":0,"24":0,"25":0,"27":0,"28":0,"29":0,"30":0,"32":0,"33":0,"35":0,"37":0,"42":0,"48":0,"49":0,"50":0,"51":0,"52":0,"53":0,"54":0,"57":0,"58":0,"59":0,"60":0,"65":0,"66":0,"67":0,"68":0,"72":0,"73":0,"80":0,"83":0,"84":0,"85":0}},
"./client/src/app/pp.js":{"path":"./client/src/app/pp.js","s":{"1":1,"2":0,"3":0,"4":0,"5":0,"6":0,"7":0},"b":{},"f":{"1":0},"fnMap":{"1":{"name":"(anonymous_1)","line":1,"loc":{"start":{"line":1,"column":8},"end":{"line":1,"column":63}}}},"statementMap":{"1":{"start":{"line":1,"column":0},"end":{"line":10,"column":0}},"2":{"start":{"line":2,"column":4},"end":{"line":2,"column":21}},"3":{"start":{"line":3,"column":4},"end":{"line":3,"column":21}},"4":{"start":{"line":4,"column":4},"end":{"line":4,"column":23}},"5":{"start":{"line":5,"column":4},"end":{"line":5,"column":19}},"6":{"start":{"line":6,"column":4},"end":{"line":6,"column":29}},"7":{"start":{"line":7,"column":4},"end":{"line":7,"column":31}}},"branchMap":{},"l":{"1":1,"2":0,"3":0,"4":0,"5":0,"6":0,"7":0}},
"./client/src/app/rr.js":{"path":"./client/src/app/rr.js","s":{"1":1,"2":0,"3":0,"4":0,"5":0,"6":0,"7":0,"8":0,"9":0,"10":0,"11":0,"12":0,"13":0},"b":{"1":[0,0]},"f":{"1":0,"2":0,"3":0,"4":0,"5":0,"6":0,"7":0,"8":0},"fnMap":{"1":{"name":"(anonymous_1)","line":8,"loc":{"start":{"line":8,"column":38},"end":{"line":8,"column":60}}},"2":{"name":"(anonymous_2)","line":11,"loc":{"start":{"line":11,"column":16},"end":{"line":11,"column":47}}},"3":{"name":"(anonymous_3)","line":12,"loc":{"start":{"line":12,"column":37},"end":{"line":12,"column":49}}},"4":{"name":"(anonymous_4)","line":14,"loc":{"start":{"line":14,"column":38},"end":{"line":14,"column":50}}},"5":{"name":"(anonymous_5)","line":19,"loc":{"start":{"line":19,"column":18},"end":{"line":19,"column":55}}},"6":{"name":"(anonymous_6)","line":20,"loc":{"start":{"line":20,"column":45},"end":{"line":20,"column":57}}},"7":{"name":"(anonymous_7)","line":22,"loc":{"start":{"line":22,"column":38},"end":{"line":22,"column":50}}},"8":{"name":"(anonymous_8)","line":29,"loc":{"start":{"line":29,"column":24},"end":{"line":29,"column":36}}}},"statementMap":{"1":{"start":{"line":6,"column":0},"end":{"line":33,"column":8}},"2":{"start":{"line":9,"column":8},"end":{"line":9,"column":34}},"3":{"start":{"line":10,"column":8},"end":{"line":32,"column":10}},"4":{"start":{"line":12,"column":16},"end":{"line":17,"column":19}},"5":{"start":{"line":13,"column":20},"end":{"line":13,"column":41}},"6":{"start":{"line":14,"column":20},"end":{"line":16,"column":23}},"7":{"start":{"line":15,"column":24},"end":{"line":15,"column":53}},"8":{"start":{"line":20,"column":16},"end":{"line":27,"column":19}},"9":{"start":{"line":21,"column":20},"end":{"line":21,"column":41}},"10":{"start":{"line":22,"column":20},"end":{"line":26,"column":23}},"11":{"start":{"line":23,"column":24},"end":{"line":25,"column":25}},"12":{"start":{"line":24,"column":28},"end":{"line":24,"column":57}},"13":{"start":{"line":30,"column":16},"end":{"line":30,"column":36}}},"branchMap":{"1":{"line":23,"type":"if","locations":[{"start":{"line":23,"column":24},"end":{"line":23,"column":24}},{"start":{"line":23,"column":24},"end":{"line":23,"column":24}}]}},"l":{"6":1,"9":0,"10":0,"12":0,"13":0,"14":0,"15":0,"20":0,"21":0,"22":0,"23":0,"24":0,"30":0}}}
