TN:
SF:./client/src/app/config.js
FN:4,(anonymous_1)
FN:12,(anonymous_2)
FNF:2
FNH:1
FNDA:1,(anonymous_1)
FNDA:0,(anonymous_2)
DA:4,1
DA:8,1
DA:9,1
DA:12,1
DA:14,0
DA:17,0
DA:20,1
LF:7
LH:5
BRF:0
BRH:0
end_of_record
TN:
SF:./client/src/app/app.js
FN:1,(anonymous_1)
FN:15,(anonymous_2)
FNF:2
FNH:2
FNDA:1,(anonymous_1)
FNDA:1,(anonymous_2)
DA:1,1
DA:5,1
DA:15,1
DA:17,1
LF:4
LH:4
BRF:0
BRH:0
end_of_record
TN:
SF:./client/src/app/config/config-env.js
FN:1,(anonymous_1)
FNF:1
FNH:1
FNDA:1,(anonymous_1)
DA:1,1
DA:4,1
LF:2
LH:2
BRF:0
BRH:0
end_of_record
