<?xml version="1.0"?>
<testsuites>
  <testsuite name="Firefox 19.0.0 (Linux)" package="unit" timestamp="2014-05-11T12:16:01" id="0" hostname="testing-worker-linux-11-2-22887-linux-14-24910389" tests="2" errors="0" failures="0" time="0.01">
    <properties>
      <property name="browser.fullName" value="Mozilla/5.0 (X11; Linux x86_64; rv:19.0) Gecko/20100101 Firefox/19.0"/>
    </properties>
    <testcase name="should be true...." time="0.006" classname="unit Firefox 19.0.0 (Linux).filter checkmark"/>
    <testcase name="should be false...." time="0.004" classname="unit Firefox 19.0.0 (Linux).filter checkmark"/>
    <system-out><![CDATA[
]]></system-out>
    <system-err/>
  </testsuite>
</testsuites>
