<?xml version="1.0"?>
<testsuites>
  <testsuite name="Firefox 19.0.0 (Linux)" package="unit" timestamp="2014-04-26T22:13:02" id="0" hostname="testing-worker-linux-7-1-6492-linux-10-23840942" tests="2" errors="0" failures="0" time="0.01">
    <properties>
      <property name="browser.fullName" value="Mozilla/5.0 (X11; Linux x86_64; rv:19.0) Gecko/20100101 Firefox/19.0"/>
    </properties>
    <testcase name="should be true...." time="0.005" classname="unit Firefox 19.0.0 (Linux).filter checkmark"/>
    <testcase name="should be false...." time="0.005" classname="unit Firefox 19.0.0 (Linux).filter checkmark"/>
    <system-out><![CDATA[
]]></system-out>
    <system-err/>
  </testsuite>
</testsuites>
